# JRE version: Java(TM) SE Runtime Environment (8.0_101-b13) (build 1.8.0_101-b13)
# Java VM: Java HotSpot(TM) 64-Bit Server VM (25.101-b13 mixed mode linux-amd64 compressed oops)
Heap:
 PSYoungGen      total 19968K, used 10266K [0x00000000ee000000, 0x00000000ef900000, 0x0000000100000000)
  eden space 14336K, 45% used [0x00000000ee000000,0x00000000ee66a3e8,0x00000000eee00000)
  from space 5632K, 65% used [0x00000000ef380000,0x00000000ef71c4f0,0x00000000ef900000)
  to   space 5632K, 0% used [0x00000000eee00000,0x00000000eee00000,0x00000000ef380000)
 ParOldGen       total 24576K, used 7040K [0x00000000ca000000, 0x00000000cb800000, 0x00000000ee000000)
  object space 24576K, 28% used [0x00000000ca000000,0x00000000ca6e0240,0x00000000cb800000)
 Metaspace       used 23526K, capacity 23752K, committed 24064K, reserved 1071104K
  class space    used 2469K, capacity 2528K, committed 2560K, reserved 1048576K
GC Heap History (10 events):
Event: 108.156 GC heap before
{Heap before GC invocations=9 (full 1):
 PSYoungGen      total 16896K, used 16592K [0x00000000ee000000, 0x00000000efa00000, 0x0000000100000000)
  eden space 14336K, 100% used [0x00000000ee000000,0x00000000eee00000,0x00000000eee00000)
  from space 2560K, 88% used [0x00000000eee00000,0x00000000ef034250,0x00000000ef080000)
  to   space 6144K, 0% used [0x00000000ef400000,0x00000000ef400000,0x00000000efa00000)
 ParOldGen       total 24576K, used 7024K [0x00000000ca000000, 0x00000000cb800000, 0x00000000ee000000)
  object space 24576K, 28% used [0x00000000ca000000,0x00000000ca6dc240,0x00000000cb800000)
 Metaspace       used 22627K, capacity 22858K, committed 23296K, reserved 1071104K
  class space    used 2399K, capacity 2491K, committed 2560K, reserved 1048576K
Event: 108.165 GC heap after
Heap after GC invocations=9 (full 1):
 PSYoungGen      total 20480K, used 2256K [0x00000000ee000000, 0x00000000efa00000, 0x0000000100000000)
  eden space 14336K, 0% used [0x00000000ee000000,0x00000000ee000000,0x00000000eee00000)
  from space 6144K, 36% used [0x00000000ef400000,0x00000000ef634270,0x00000000efa00000)
  to   space 6144K, 0% used [0x00000000eee00000,0x00000000eee00000,0x00000000ef400000)
 ParOldGen       total 24576K, used 7024K [0x00000000ca000000, 0x00000000cb800000, 0x00000000ee000000)
  object space 24576K, 28% used [0x00000000ca000000,0x00000000ca6dc240,0x00000000cb800000)
 Metaspace       used 22627K, capacity 22858K, committed 23296K, reserved 1071104K
  class space    used 2399K, capacity 2491K, committed 2560K, reserved 1048576K
}
Event: 132.360 GC heap before
{Heap before GC invocations=10 (full 1):
 PSYoungGen      total 20480K, used 16592K [0x00000000ee000000, 0x00000000efa00000, 0x0000000100000000)
  eden space 14336K, 100% used [0x00000000ee000000,0x00000000eee00000,0x00000000eee00000)
  from space 6144K, 36% used [0x00000000ef400000,0x00000000ef634270,0x00000000efa00000)
  to   space 6144K, 0% used [0x00000000eee00000,0x00000000eee00000,0x00000000ef400000)
 ParOldGen       total 24576K, used 7024K [0x00000000ca000000, 0x00000000cb800000, 0x00000000ee000000)
  object space 24576K, 28% used [0x00000000ca000000,0x00000000ca6dc240,0x00000000cb800000)
 Metaspace       used 22828K, capacity 23068K, committed 23552K, reserved 1071104K
  class space    used 2415K, capacity 2494K, committed 2560K, reserved 1048576K
Event: 132.371 GC heap after
Heap after GC invocations=10 (full 1):
 PSYoungGen      total 20480K, used 2208K [0x00000000ee000000, 0x00000000efa00000, 0x0000000100000000)
  eden space 14336K, 0% used [0x00000000ee000000,0x00000000ee000000,0x00000000eee00000)
  from space 6144K, 35% used [0x00000000eee00000,0x00000000ef028220,0x00000000ef400000)
  to   space 6144K, 0% used [0x00000000ef400000,0x00000000ef400000,0x00000000efa00000)
 ParOldGen       total 24576K, used 7024K [0x00000000ca000000, 0x00000000cb800000, 0x00000000ee000000)
  object space 24576K, 28% used [0x00000000ca000000,0x00000000ca6dc240,0x00000000cb800000)
 Metaspace       used 22828K, capacity 23068K, committed 23552K, reserved 1071104K
  class space    used 2415K, capacity 2494K, committed 2560K, reserved 1048576K
}
Event: 157.624 GC heap before
{Heap before GC invocations=11 (full 1):
 PSYoungGen      total 20480K, used 16544K [0x00000000ee000000, 0x00000000efa00000, 0x0000000100000000)
  eden space 14336K, 100% used [0x00000000ee000000,0x00000000eee00000,0x00000000eee00000)
  from space 6144K, 35% used [0x00000000eee00000,0x00000000ef028220,0x00000000ef400000)
  to   space 6144K, 0% used [0x00000000ef400000,0x00000000ef400000,0x00000000efa00000)
 ParOldGen       total 24576K, used 7024K [0x00000000ca000000, 0x00000000cb800000, 0x00000000ee000000)
  object space 24576K, 28% used [0x00000000ca000000,0x00000000ca6dc240,0x00000000cb800000)
 Metaspace       used 22939K, capacity 23138K, committed 23552K, reserved 1071104K
  class space    used 2421K, capacity 2495K, committed 2560K, reserved 1048576K
Event: 157.629 GC heap after
Heap after GC invocations=11 (full 1):
 PSYoungGen      total 20480K, used 2720K [0x00000000ee000000, 0x00000000efa00000, 0x0000000100000000)
  eden space 14336K, 0% used [0x00000000ee000000,0x00000000ee000000,0x00000000eee00000)
  from space 6144K, 44% used [0x00000000ef400000,0x00000000ef6a8320,0x00000000efa00000)
  to   space 6144K, 0% used [0x00000000eee00000,0x00000000eee00000,0x00000000ef400000)
 ParOldGen       total 24576K, used 7032K [0x00000000ca000000, 0x00000000cb800000, 0x00000000ee000000)
  object space 24576K, 28% used [0x00000000ca000000,0x00000000ca6de240,0x00000000cb800000)
 Metaspace       used 22939K, capacity 23138K, committed 23552K, reserved 1071104K
  class space    used 2421K, capacity 2495K, committed 2560K, reserved 1048576K
}
Event: 177.883 GC heap before
{Heap before GC invocations=12 (full 1):
 PSYoungGen      total 20480K, used 17056K [0x00000000ee000000, 0x00000000efa00000, 0x0000000100000000)
  eden space 14336K, 100% used [0x00000000ee000000,0x00000000eee00000,0x00000000eee00000)
  from space 6144K, 44% used [0x00000000ef400000,0x00000000ef6a8320,0x00000000efa00000)
  to   space 6144K, 0% used [0x00000000eee00000,0x00000000eee00000,0x00000000ef400000)
 ParOldGen       total 24576K, used 7032K [0x00000000ca000000, 0x00000000cb800000, 0x00000000ee000000)
  object space 24576K, 28% used [0x00000000ca000000,0x00000000ca6de240,0x00000000cb800000)
 Metaspace       used 23078K, capacity 23330K, committed 23808K, reserved 1071104K
  class space    used 2421K, capacity 2495K, committed 2560K, reserved 1048576K
Event: 177.892 GC heap after
Heap after GC invocations=12 (full 1):
 PSYoungGen      total 17920K, used 3457K [0x00000000ee000000, 0x00000000ef900000, 0x0000000100000000)
  eden space 14336K, 0% used [0x00000000ee000000,0x00000000ee000000,0x00000000eee00000)
  from space 3584K, 96% used [0x00000000eee00000,0x00000000ef160440,0x00000000ef180000)
  to   space 5632K, 0% used [0x00000000ef380000,0x00000000ef380000,0x00000000ef900000)
 ParOldGen       total 24576K, used 7040K [0x00000000ca000000, 0x00000000cb800000, 0x00000000ee000000)
  object space 24576K, 28% used [0x00000000ca000000,0x00000000ca6e0240,0x00000000cb800000)
 Metaspace       used 23078K, capacity 23330K, committed 23808K, reserved 1071104K
  class space    used 2421K, capacity 2495K, committed 2560K, reserved 1048576K
}
Event: 201.286 GC heap before
{Heap before GC invocations=13 (full 1):
 PSYoungGen      total 17920K, used 17793K [0x00000000ee000000, 0x00000000ef900000, 0x0000000100000000)
  eden space 14336K, 100% used [0x00000000ee000000,0x00000000eee00000,0x00000000eee00000)
  from space 3584K, 96% used [0x00000000eee00000,0x00000000ef160440,0x00000000ef180000)
  to   space 5632K, 0% used [0x00000000ef380000,0x00000000ef380000,0x00000000ef900000)
 ParOldGen       total 24576K, used 7040K [0x00000000ca000000, 0x00000000cb800000, 0x00000000ee000000)
  object space 24576K, 28% used [0x00000000ca000000,0x00000000ca6e0240,0x00000000cb800000)
 Metaspace       used 23204K, capacity 23400K, committed 23808K, reserved 1071104K
  class space    used 2423K, capacity 2496K, committed 2560K, reserved 1048576K
Event: 201.296 GC heap after
Heap after GC invocations=13 (full 1):
 PSYoungGen      total 19968K, used 3697K [0x00000000ee000000, 0x00000000ef900000, 0x0000000100000000)
  eden space 14336K, 0% used [0x00000000ee000000,0x00000000ee000000,0x00000000eee00000)
  from space 5632K, 65% used [0x00000000ef380000,0x00000000ef71c4f0,0x00000000ef900000)
  to   space 5632K, 0% used [0x00000000eee00000,0x00000000eee00000,0x00000000ef380000)
 ParOldGen       total 24576K, used 7040K [0x00000000ca000000, 0x00000000cb800000, 0x00000000ee000000)
  object space 24576K, 28% used [0x00000000ca000000,0x00000000ca6e0240,0x00000000cb800000)
 Metaspace       used 23204K, capacity 23400K, committed 23808K, reserved 1071104K
  class space    used 2423K, capacity 2496K, committed 2560K, reserved 1048576K
}

