# JRE version: Java(TM) SE Runtime Environment (8.0_101-b13) (build 1.8.0_101-b13)
# Java VM: Java HotSpot(TM) 64-Bit Server VM (25.101-b13 mixed mode linux-amd64 compressed oops)
Heap:
 PSYoungGen      total 16384K, used 2667K [0x00000000ee000000, 0x00000000efe80000, 0x0000000100000000)
  eden space 14336K, 18% used [0x00000000ee000000,0x00000000ee29ad60,0x00000000eee00000)
  from space 2048K, 0% used [0x00000000eee00000,0x00000000eee00000,0x00000000ef000000)
  to   space 2048K, 0% used [0x00000000efc80000,0x00000000efc80000,0x00000000efe80000)
 ParOldGen       total 26112K, used 7418K [0x00000000ca000000, 0x00000000cb980000, 0x00000000ee000000)
  object space 26112K, 28% used [0x00000000ca000000,0x00000000ca73eb00,0x00000000cb980000)
 Metaspace       used 21555K, capacity 21790K, committed 22192K, reserved 1069056K
  class space    used 2407K, capacity 2485K, committed 2560K, reserved 1048576K
GC Heap History (8 events):
Event: 1.190 GC heap before
{Heap before GC invocations=1 (full 0):
 PSYoungGen      total 16384K, used 14336K [0x00000000ee000000, 0x00000000ef200000, 0x0000000100000000)
  eden space 14336K, 100% used [0x00000000ee000000,0x00000000eee00000,0x00000000eee00000)
  from space 2048K, 0% used [0x00000000ef000000,0x00000000ef000000,0x00000000ef200000)
  to   space 2048K, 0% used [0x00000000eee00000,0x00000000eee00000,0x00000000ef000000)
 ParOldGen       total 36864K, used 0K [0x00000000ca000000, 0x00000000cc400000, 0x00000000ee000000)
  object space 36864K, 0% used [0x00000000ca000000,0x00000000ca000000,0x00000000cc400000)
 Metaspace       used 13190K, capacity 13360K, committed 13696K, reserved 1060864K
  class space    used 1505K, capacity 1576K, committed 1664K, reserved 1048576K
Event: 1.202 GC heap after
Heap after GC invocations=1 (full 0):
 PSYoungGen      total 16384K, used 2037K [0x00000000ee000000, 0x00000000f0000000, 0x0000000100000000)
  eden space 14336K, 0% used [0x00000000ee000000,0x00000000ee000000,0x00000000eee00000)
  from space 2048K, 99% used [0x00000000eee00000,0x00000000eeffd480,0x00000000ef000000)
  to   space 2048K, 0% used [0x00000000efe00000,0x00000000efe00000,0x00000000f0000000)
 ParOldGen       total 36864K, used 1807K [0x00000000ca000000, 0x00000000cc400000, 0x00000000ee000000)
  object space 36864K, 4% used [0x00000000ca000000,0x00000000ca1c3eb8,0x00000000cc400000)
 Metaspace       used 13190K, capacity 13360K, committed 13696K, reserved 1060864K
  class space    used 1505K, capacity 1576K, committed 1664K, reserved 1048576K
}
Event: 7.136 GC heap before
{Heap before GC invocations=2 (full 0):
 PSYoungGen      total 16384K, used 16373K [0x00000000ee000000, 0x00000000f0000000, 0x0000000100000000)
  eden space 14336K, 100% used [0x00000000ee000000,0x00000000eee00000,0x00000000eee00000)
  from space 2048K, 99% used [0x00000000eee00000,0x00000000eeffd480,0x00000000ef000000)
  to   space 2048K, 0% used [0x00000000efe00000,0x00000000efe00000,0x00000000f0000000)
 ParOldGen       total 36864K, used 1807K [0x00000000ca000000, 0x00000000cc400000, 0x00000000ee000000)
  object space 36864K, 4% used [0x00000000ca000000,0x00000000ca1c3eb8,0x00000000cc400000)
 Metaspace       used 18787K, capacity 18974K, committed 19328K, reserved 1067008K
  class space    used 2047K, capacity 2101K, committed 2176K, reserved 1048576K
Event: 7.154 GC heap after
Heap after GC invocations=2 (full 0):
 PSYoungGen      total 16384K, used 2021K [0x00000000ee000000, 0x00000000f0000000, 0x0000000100000000)
  eden space 14336K, 0% used [0x00000000ee000000,0x00000000ee000000,0x00000000eee00000)
  from space 2048K, 98% used [0x00000000efe00000,0x00000000efff94c0,0x00000000f0000000)
  to   space 2048K, 0% used [0x00000000eee00000,0x00000000eee00000,0x00000000ef000000)
 ParOldGen       total 36864K, used 5551K [0x00000000ca000000, 0x00000000cc400000, 0x00000000ee000000)
  object space 36864K, 15% used [0x00000000ca000000,0x00000000ca56bf20,0x00000000cc400000)
 Metaspace       used 18787K, capacity 18974K, committed 19328K, reserved 1067008K
  class space    used 2047K, capacity 2101K, committed 2176K, reserved 1048576K
}
Event: 13.946 GC heap before
{Heap before GC invocations=3 (full 0):
 PSYoungGen      total 16384K, used 13732K [0x00000000ee000000, 0x00000000f0000000, 0x0000000100000000)
  eden space 14336K, 81% used [0x00000000ee000000,0x00000000eeb6fbe0,0x00000000eee00000)
  from space 2048K, 98% used [0x00000000efe00000,0x00000000efff94c0,0x00000000f0000000)
  to   space 2048K, 0% used [0x00000000eee00000,0x00000000eee00000,0x00000000ef000000)
 ParOldGen       total 36864K, used 5551K [0x00000000ca000000, 0x00000000cc400000, 0x00000000ee000000)
  object space 36864K, 15% used [0x00000000ca000000,0x00000000ca56bf20,0x00000000cc400000)
 Metaspace       used 20984K, capacity 21150K, committed 21296K, reserved 1069056K
  class space    used 2346K, capacity 2421K, committed 2432K, reserved 1048576K
Event: 13.958 GC heap after
Heap after GC invocations=3 (full 0):
 PSYoungGen      total 16384K, used 2032K [0x00000000ee000000, 0x00000000efe80000, 0x0000000100000000)
  eden space 14336K, 0% used [0x00000000ee000000,0x00000000ee000000,0x00000000eee00000)
  from space 2048K, 99% used [0x00000000eee00000,0x00000000eeffc180,0x00000000ef000000)
  to   space 2048K, 0% used [0x00000000efc80000,0x00000000efc80000,0x00000000efe80000)
 ParOldGen       total 36864K, used 7658K [0x00000000ca000000, 0x00000000cc400000, 0x00000000ee000000)
  object space 36864K, 20% used [0x00000000ca000000,0x00000000ca77ab38,0x00000000cc400000)
 Metaspace       used 20984K, capacity 21150K, committed 21296K, reserved 1069056K
  class space    used 2346K, capacity 2421K, committed 2432K, reserved 1048576K
}
Event: 13.958 GC heap before
{Heap before GC invocations=4 (full 1):
 PSYoungGen      total 16384K, used 2032K [0x00000000ee000000, 0x00000000efe80000, 0x0000000100000000)
  eden space 14336K, 0% used [0x00000000ee000000,0x00000000ee000000,0x00000000eee00000)
  from space 2048K, 99% used [0x00000000eee00000,0x00000000eeffc180,0x00000000ef000000)
  to   space 2048K, 0% used [0x00000000efc80000,0x00000000efc80000,0x00000000efe80000)
 ParOldGen       total 36864K, used 7658K [0x00000000ca000000, 0x00000000cc400000, 0x00000000ee000000)
  object space 36864K, 20% used [0x00000000ca000000,0x00000000ca77ab38,0x00000000cc400000)
 Metaspace       used 20984K, capacity 21150K, committed 21296K, reserved 1069056K
  class space    used 2346K, capacity 2421K, committed 2432K, reserved 1048576K
Event: 13.999 GC heap after
Heap after GC invocations=4 (full 1):
 PSYoungGen      total 16384K, used 0K [0x00000000ee000000, 0x00000000efe80000, 0x0000000100000000)
  eden space 14336K, 0% used [0x00000000ee000000,0x00000000ee000000,0x00000000eee00000)
  from space 2048K, 0% used [0x00000000eee00000,0x00000000eee00000,0x00000000ef000000)
  to   space 2048K, 0% used [0x00000000efc80000,0x00000000efc80000,0x00000000efe80000)
 ParOldGen       total 26112K, used 7418K [0x00000000ca000000, 0x00000000cb980000, 0x00000000ee000000)
  object space 26112K, 28% used [0x00000000ca000000,0x00000000ca73eb00,0x00000000cb980000)
 Metaspace       used 20984K, capacity 21150K, committed 21296K, reserved 1069056K
  class space    used 2346K, capacity 2421K, committed 2432K, reserved 1048576K
}

