# JRE version: Java(TM) SE Runtime Environment (8.0_101-b13) (build 1.8.0_101-b13)
# Java VM: Java HotSpot(TM) 64-Bit Server VM (25.101-b13 mixed mode linux-amd64 compressed oops)
Heap:
 PSYoungGen      total 23040K, used 11883K [0x00000000ee000000, 0x00000000eff00000, 0x0000000100000000)
  eden space 18432K, 62% used [0x00000000ee000000,0x00000000eeb4de58,0x00000000ef200000)
  from space 4608K, 6% used [0x00000000ef200000,0x00000000ef24d050,0x00000000ef680000)
  to   space 4608K, 0% used [0x00000000efa80000,0x00000000efa80000,0x00000000eff00000)
 ParOldGen       total 36864K, used 6728K [0x00000000ca000000, 0x00000000cc400000, 0x00000000ee000000)
  object space 36864K, 18% used [0x00000000ca000000,0x00000000ca692088,0x00000000cc400000)
 Metaspace       used 19888K, capacity 20108K, committed 20480K, reserved 1067008K
  class space    used 2207K, capacity 2298K, committed 2304K, reserved 1048576K
GC Heap History (10 events):
Event: 201.669 GC heap before
{Heap before GC invocations=7 (full 0):
 PSYoungGen      total 18432K, used 16565K [0x00000000ee000000, 0x00000000ef600000, 0x0000000100000000)
  eden space 14336K, 100% used [0x00000000ee000000,0x00000000eee00000,0x00000000eee00000)
  from space 4096K, 54% used [0x00000000ef200000,0x00000000ef42d580,0x00000000ef600000)
  to   space 4096K, 0% used [0x00000000eee00000,0x00000000eee00000,0x00000000ef200000)
 ParOldGen       total 36864K, used 4293K [0x00000000ca000000, 0x00000000cc400000, 0x00000000ee000000)
  object space 36864K, 11% used [0x00000000ca000000,0x00000000ca431760,0x00000000cc400000)
 Metaspace       used 19499K, capacity 19712K, committed 19968K, reserved 1067008K
  class space    used 2203K, capacity 2296K, committed 2304K, reserved 1048576K
Event: 201.679 GC heap after
Heap after GC invocations=7 (full 0):
 PSYoungGen      total 18432K, used 928K [0x00000000ee000000, 0x00000000ef600000, 0x0000000100000000)
  eden space 14336K, 0% used [0x00000000ee000000,0x00000000ee000000,0x00000000eee00000)
  from space 4096K, 22% used [0x00000000eee00000,0x00000000eeee8080,0x00000000ef200000)
  to   space 4096K, 0% used [0x00000000ef200000,0x00000000ef200000,0x00000000ef600000)
 ParOldGen       total 36864K, used 5523K [0x00000000ca000000, 0x00000000cc400000, 0x00000000ee000000)
  object space 36864K, 14% used [0x00000000ca000000,0x00000000ca564e20,0x00000000cc400000)
 Metaspace       used 19499K, capacity 19712K, committed 19968K, reserved 1067008K
  class space    used 2203K, capacity 2296K, committed 2304K, reserved 1048576K
}
Event: 201.772 GC heap before
{Heap before GC invocations=8 (full 0):
 PSYoungGen      total 18432K, used 15264K [0x00000000ee000000, 0x00000000ef600000, 0x0000000100000000)
  eden space 14336K, 100% used [0x00000000ee000000,0x00000000eee00000,0x00000000eee00000)
  from space 4096K, 22% used [0x00000000eee00000,0x00000000eeee8080,0x00000000ef200000)
  to   space 4096K, 0% used [0x00000000ef200000,0x00000000ef200000,0x00000000ef600000)
 ParOldGen       total 36864K, used 5523K [0x00000000ca000000, 0x00000000cc400000, 0x00000000ee000000)
  object space 36864K, 14% used [0x00000000ca000000,0x00000000ca564e20,0x00000000cc400000)
 Metaspace       used 19521K, capacity 19718K, committed 19968K, reserved 1067008K
  class space    used 2203K, capacity 2297K, committed 2304K, reserved 1048576K
Event: 201.776 GC heap after
Heap after GC invocations=8 (full 0):
 PSYoungGen      total 17920K, used 708K [0x00000000ee000000, 0x00000000f0500000, 0x0000000100000000)
  eden space 13824K, 0% used [0x00000000ee000000,0x00000000ee000000,0x00000000eed80000)
  from space 4096K, 17% used [0x00000000ef200000,0x00000000ef2b10a0,0x00000000ef600000)
  to   space 4608K, 0% used [0x00000000eed80000,0x00000000eed80000,0x00000000ef200000)
 ParOldGen       total 36864K, used 5868K [0x00000000ca000000, 0x00000000cc400000, 0x00000000ee000000)
  object space 36864K, 15% used [0x00000000ca000000,0x00000000ca5bb2e8,0x00000000cc400000)
 Metaspace       used 19521K, capacity 19718K, committed 19968K, reserved 1067008K
  class space    used 2203K, capacity 2297K, committed 2304K, reserved 1048576K
}
Event: 391.161 GC heap before
{Heap before GC invocations=9 (full 0):
 PSYoungGen      total 17920K, used 14532K [0x00000000ee000000, 0x00000000f0500000, 0x0000000100000000)
  eden space 13824K, 100% used [0x00000000ee000000,0x00000000eed80000,0x00000000eed80000)
  from space 4096K, 17% used [0x00000000ef200000,0x00000000ef2b10a0,0x00000000ef600000)
  to   space 4608K, 0% used [0x00000000eed80000,0x00000000eed80000,0x00000000ef200000)
 ParOldGen       total 36864K, used 5868K [0x00000000ca000000, 0x00000000cc400000, 0x00000000ee000000)
  object space 36864K, 15% used [0x00000000ca000000,0x00000000ca5bb2e8,0x00000000cc400000)
 Metaspace       used 19755K, capacity 19974K, committed 20224K, reserved 1067008K
  class space    used 2206K, capacity 2297K, committed 2304K, reserved 1048576K
Event: 391.165 GC heap after
Heap after GC invocations=9 (full 0):
 PSYoungGen      total 18432K, used 976K [0x00000000ee000000, 0x00000000eff00000, 0x0000000100000000)
  eden space 13824K, 0% used [0x00000000ee000000,0x00000000ee000000,0x00000000eed80000)
  from space 4608K, 21% used [0x00000000eed80000,0x00000000eee740f0,0x00000000ef200000)
  to   space 4608K, 0% used [0x00000000efa80000,0x00000000efa80000,0x00000000eff00000)
 ParOldGen       total 36864K, used 6232K [0x00000000ca000000, 0x00000000cc400000, 0x00000000ee000000)
  object space 36864K, 16% used [0x00000000ca000000,0x00000000ca616088,0x00000000cc400000)
 Metaspace       used 19755K, capacity 19974K, committed 20224K, reserved 1067008K
  class space    used 2206K, capacity 2297K, committed 2304K, reserved 1048576K
}
Event: 392.568 GC heap before
{Heap before GC invocations=10 (full 0):
 PSYoungGen      total 18432K, used 14800K [0x00000000ee000000, 0x00000000eff00000, 0x0000000100000000)
  eden space 13824K, 100% used [0x00000000ee000000,0x00000000eed80000,0x00000000eed80000)
  from space 4608K, 21% used [0x00000000eed80000,0x00000000eee740f0,0x00000000ef200000)
  to   space 4608K, 0% used [0x00000000efa80000,0x00000000efa80000,0x00000000eff00000)
 ParOldGen       total 36864K, used 6232K [0x00000000ca000000, 0x00000000cc400000, 0x00000000ee000000)
  object space 36864K, 16% used [0x00000000ca000000,0x00000000ca616088,0x00000000cc400000)
 Metaspace       used 19802K, capacity 20044K, committed 20224K, reserved 1067008K
  class space    used 2207K, capacity 2298K, committed 2304K, reserved 1048576K
Event: 392.571 GC heap after
Heap after GC invocations=10 (full 0):
 PSYoungGen      total 14336K, used 432K [0x00000000ee000000, 0x00000000efb00000, 0x0000000100000000)
  eden space 13824K, 0% used [0x00000000ee000000,0x00000000ee000000,0x00000000eed80000)
  from space 512K, 84% used [0x00000000efa80000,0x00000000efaec010,0x00000000efb00000)
  to   space 4608K, 0% used [0x00000000ef200000,0x00000000ef200000,0x00000000ef680000)
 ParOldGen       total 36864K, used 6408K [0x00000000ca000000, 0x00000000cc400000, 0x00000000ee000000)
  object space 36864K, 17% used [0x00000000ca000000,0x00000000ca642088,0x00000000cc400000)
 Metaspace       used 19802K, capacity 20044K, committed 20224K, reserved 1067008K
  class space    used 2207K, capacity 2298K, committed 2304K, reserved 1048576K
}
Event: 392.695 GC heap before
{Heap before GC invocations=11 (full 0):
 PSYoungGen      total 14336K, used 14256K [0x00000000ee000000, 0x00000000efb00000, 0x0000000100000000)
  eden space 13824K, 100% used [0x00000000ee000000,0x00000000eed80000,0x00000000eed80000)
  from space 512K, 84% used [0x00000000efa80000,0x00000000efaec010,0x00000000efb00000)
  to   space 4608K, 0% used [0x00000000ef200000,0x00000000ef200000,0x00000000ef680000)
 ParOldGen       total 36864K, used 6408K [0x00000000ca000000, 0x00000000cc400000, 0x00000000ee000000)
  object space 36864K, 17% used [0x00000000ca000000,0x00000000ca642088,0x00000000cc400000)
 Metaspace       used 19813K, capacity 20044K, committed 20224K, reserved 1067008K
  class space    used 2207K, capacity 2298K, committed 2304K, reserved 1048576K
Event: 392.698 GC heap after
Heap after GC invocations=11 (full 0):
 PSYoungGen      total 23040K, used 308K [0x00000000ee000000, 0x00000000eff00000, 0x0000000100000000)
  eden space 18432K, 0% used [0x00000000ee000000,0x00000000ee000000,0x00000000ef200000)
  from space 4608K, 6% used [0x00000000ef200000,0x00000000ef24d050,0x00000000ef680000)
  to   space 4608K, 0% used [0x00000000efa80000,0x00000000efa80000,0x00000000eff00000)
 ParOldGen       total 36864K, used 6728K [0x00000000ca000000, 0x00000000cc400000, 0x00000000ee000000)
  object space 36864K, 18% used [0x00000000ca000000,0x00000000ca692088,0x00000000cc400000)
 Metaspace       used 19813K, capacity 20044K, committed 20224K, reserved 1067008K
  class space    used 2207K, capacity 2298K, committed 2304K, reserved 1048576K
}

